<?xml version="1.0" encoding="UTF-8"?>
<!-- Generated by org.testng.reporters.JUnitXMLReporter -->
<testsuite ignored="0" hostname="MX-IT04014.local" failures="1" tests="30" name="Amazon" time="32.552" errors="0" timestamp="2021-10-21T19:59:15 CDT">
  <testcase classname="com.unosquare.amazon.pageFactory.test.SearchProductTest" name="@AfterClass exitWebDriver_Chrome" time="0.003">
    <failure type="java.lang.NullPointerException">
      <![CDATA[java.lang.NullPointerException
at com.unosquare.amazon.pageFactory.test.SearchProductTest.exitWebDriver_Chrome(SearchProductTest.java:80)
at java.base/java.util.ArrayList.forEach(ArrayList.java:1541)
... Removed 34 stack frames]]>
    </failure>
  </testcase> <!-- @AfterClass exitWebDriver_Chrome -->
  <testcase classname="com.unosquare.amazon.pageFactory.test.SearchProductTest" name="validate_searchResults" time="3.082"/>
  <testcase classname="com.unosquare.amazon.pageFactory.test.SearchProductTest" name="validate_priceOfItemSelected" time="1.804">
    <failure type="org.openqa.selenium.NoSuchWindowException" message="no such window: window was already closed
  (Session info: chrome=95.0.4638.54)
Build info: version: &amp;apos;3.141.59&amp;apos;, revision: &amp;apos;e82be7d358&amp;apos;, time: &amp;apos;2018-11-14T08:17:03&amp;apos;
System info: host: &amp;apos;MX-IT04014.local&amp;apos;, ip: &amp;apos;2806:2f0:7080:634:99ad:8382:e4b2:5797%en0&amp;apos;, os.name: &amp;apos;Mac OS X&amp;apos;, os.arch: &amp;apos;x86_64&amp;apos;, os.version: &amp;apos;10.16&amp;apos;, java.version: &amp;apos;11.0.9.1&amp;apos;
Driver info: org.openqa.selenium.chrome.ChromeDriver
Capabilities {acceptInsecureCerts: false, browserName: chrome, browserVersion: 95.0.4638.54, chrome: {chromedriverVersion: 94.0.4606.61 (418b78f5838ed..., userDataDir: /var/folders/d9/z9g2hfgs3lz...}, goog:chromeOptions: {debuggerAddress: localhost:65445}, javascriptEnabled: true, networkConnectionEnabled: false, pageLoadStrategy: normal, platform: MAC, platformName: MAC, proxy: Proxy(), setWindowRect: true, strictFileInteractability: false, timeouts: {implicit: 0, pageLoad: 300000, script: 30000}, unhandledPromptBehavior: dismiss and notify, webauthn:extension:credBlob: true, webauthn:extension:largeBlob: true, webauthn:virtualAuthenticators: true}
Session ID: c3a9a0a25c1d48eb4c263003fb8dc9d0
*** Element info: {Using=id, value=price_inside_buybox}">
      <![CDATA[org.openqa.selenium.NoSuchWindowException: no such window: window was already closed
  (Session info: chrome=95.0.4638.54)
Build info: version: '3.141.59', revision: 'e82be7d358', time: '2018-11-14T08:17:03'
System info: host: 'MX-IT04014.local', ip: '2806:2f0:7080:634:99ad:8382:e4b2:5797%en0', os.name: 'Mac OS X', os.arch: 'x86_64', os.version: '10.16', java.version: '11.0.9.1'
Driver info: org.openqa.selenium.chrome.ChromeDriver
Capabilities {acceptInsecureCerts: false, browserName: chrome, browserVersion: 95.0.4638.54, chrome: {chromedriverVersion: 94.0.4606.61 (418b78f5838ed..., userDataDir: /var/folders/d9/z9g2hfgs3lz...}, goog:chromeOptions: {debuggerAddress: localhost:65445}, javascriptEnabled: true, networkConnectionEnabled: false, pageLoadStrategy: normal, platform: MAC, platformName: MAC, proxy: Proxy(), setWindowRect: true, strictFileInteractability: false, timeouts: {implicit: 0, pageLoad: 300000, script: 30000}, unhandledPromptBehavior: dismiss and notify, webauthn:extension:credBlob: true, webauthn:extension:largeBlob: true, webauthn:virtualAuthenticators: true}
Session ID: c3a9a0a25c1d48eb4c263003fb8dc9d0
*** Element info: {Using=id, value=price_inside_buybox}
at org.openqa.selenium.remote.http.W3CHttpResponseCodec.createException(W3CHttpResponseCodec.java:187)
at org.openqa.selenium.remote.http.W3CHttpResponseCodec.decode(W3CHttpResponseCodec.java:122)
at org.openqa.selenium.remote.http.W3CHttpResponseCodec.decode(W3CHttpResponseCodec.java:49)
at org.openqa.selenium.remote.HttpCommandExecutor.execute(HttpCommandExecutor.java:158)
at org.openqa.selenium.remote.service.DriverCommandExecutor.execute(DriverCommandExecutor.java:83)
at org.openqa.selenium.remote.RemoteWebDriver.execute(RemoteWebDriver.java:552)
at org.openqa.selenium.remote.RemoteWebDriver.findElement(RemoteWebDriver.java:323)
at org.openqa.selenium.remote.RemoteWebDriver.findElementById(RemoteWebDriver.java:372)
at org.openqa.selenium.By$ById.findElement(By.java:188)
at org.openqa.selenium.remote.RemoteWebDriver.findElement(RemoteWebDriver.java:315)
at org.openqa.selenium.support.pagefactory.DefaultElementLocator.findElement(DefaultElementLocator.java:69)
at org.openqa.selenium.support.pagefactory.internal.LocatingElementHandler.invoke(LocatingElementHandler.java:38)
at com.sun.proxy.$Proxy15.getText(Unknown Source)
at com.unosquare.amazon.pageFactory.pages.ProductPage.getPriceProduct(ProductPage.java:19)
at com.unosquare.amazon.pageFactory.test.SearchProductTest.validate_priceOfItemSelected(SearchProductTest.java:64)
at java.base/java.util.ArrayList.forEach(ArrayList.java:1541)
... Removed 40 stack frames]]>
    </failure>
  </testcase> <!-- validate_priceOfItemSelected -->
  <testcase classname="com.unosquare.amazon.pageFactory.test.SearchProductTest" name="validate_priceOfItemOnCart" time="0.0">
    <skipped/>
  </testcase> <!-- validate_priceOfItemOnCart -->
  <testcase classname="com.unosquare.amazon.pom.test.SignInTest" name="testValidateGetAllEmployees" time="1.531"/>
  <testcase classname="com.unosquare.amazon.pom.test.SignInTest" name="signInCustomer" time="1.911"/>
  <testcase classname="com.unosquare.amazon.pom.test.SignInTest" name="fillFormNewCustomer" time="0.339"/>
  <testcase classname="com.unosquare.amazon.pom.test.SignInTest" name="fillFormNewCustomer" time="0.434"/>
  <testcase classname="com.unosquare.amazon.pom.test.SignInTest" name="fillFormNewCustomer" time="0.271"/>
  <testcase classname="com.unosquare.amazon.pom.test.SignInTest" name="fillFormNewCustomer" time="0.292"/>
  <testcase classname="com.unosquare.amazon.pom.test.SignInTest" name="fillFormNewCustomer" time="0.271"/>
  <testcase classname="com.unosquare.amazon.pom.test.SignInTest" name="fillFormNewCustomer" time="0.289"/>
  <testcase classname="com.unosquare.amazon.pom.test.SignInTest" name="fillFormNewCustomer" time="0.274"/>
  <testcase classname="com.unosquare.amazon.pom.test.SignInTest" name="fillFormNewCustomer" time="0.273"/>
  <testcase classname="com.unosquare.amazon.pom.test.SignInTest" name="fillFormNewCustomer" time="0.278"/>
  <testcase classname="com.unosquare.amazon.pom.test.SignInTest" name="fillFormNewCustomer" time="0.289"/>
  <testcase classname="com.unosquare.amazon.pom.test.SignInTest" name="fillFormNewCustomer" time="0.262"/>
  <testcase classname="com.unosquare.amazon.pom.test.SignInTest" name="fillFormNewCustomer" time="0.261"/>
  <testcase classname="com.unosquare.amazon.pom.test.SignInTest" name="fillFormNewCustomer" time="0.271"/>
  <testcase classname="com.unosquare.amazon.pom.test.SignInTest" name="fillFormNewCustomer" time="0.328"/>
  <testcase classname="com.unosquare.amazon.pom.test.SignInTest" name="fillFormNewCustomer" time="0.367"/>
  <testcase classname="com.unosquare.amazon.pom.test.SignInTest" name="fillFormNewCustomer" time="0.342"/>
  <testcase classname="com.unosquare.amazon.pom.test.SignInTest" name="fillFormNewCustomer" time="0.323"/>
  <testcase classname="com.unosquare.amazon.pom.test.SignInTest" name="fillFormNewCustomer" time="0.346"/>
  <testcase classname="com.unosquare.amazon.pom.test.SignInTest" name="fillFormNewCustomer" time="0.306"/>
  <testcase classname="com.unosquare.amazon.pom.test.SignInTest" name="fillFormNewCustomer" time="0.289"/>
  <testcase classname="com.unosquare.amazon.pom.test.SignInTest" name="fillFormNewCustomer" time="0.289"/>
  <testcase classname="com.unosquare.amazon.pom.test.SignInTest" name="fillFormNewCustomer" time="0.286"/>
  <testcase classname="com.unosquare.amazon.pom.test.SignInTest" name="fillFormNewCustomer" time="0.302"/>
  <testcase classname="com.unosquare.amazon.pom.test.SignInTest" name="fillFormNewCustomer" time="0.27"/>
  <testcase classname="com.unosquare.amazon.pom.test.SignInTest" name="openConditionsPage" time="4.537"/>
</testsuite> <!-- Amazon -->
