<html>
<head>
<title>TestNG:  Amazon</title>
<link href="../testng.css" rel="stylesheet" type="text/css" />
<link href="../my-testng.css" rel="stylesheet" type="text/css" />

<style type="text/css">
.log { display: none;} 
.stack-trace { display: none;} 
</style>
<script type="text/javascript">
<!--
function flip(e) {
  current = e.style.display;
  if (current == 'block') {
    e.style.display = 'none';
    return 0;
  }
  else {
    e.style.display = 'block';
    return 1;
  }
}

function toggleBox(szDivId, elem, msg1, msg2)
{
  var res = -1;  if (document.getElementById) {
    res = flip(document.getElementById(szDivId));
  }
  else if (document.all) {
    // this is the way old msie versions work
    res = flip(document.all[szDivId]);
  }
  if(elem) {
    if(res == 0) elem.innerHTML = msg1; else elem.innerHTML = msg2;
  }

}

function toggleAllBoxes() {
  if (document.getElementsByTagName) {
    d = document.getElementsByTagName('div');
    for (i = 0; i < d.length; i++) {
      if (d[i].className == 'log') {
        flip(d[i]);
      }
    }
  }
}

// -->
</script>

</head>
<body>
<h2 align='center'>Amazon</h2><table border='1' align="center">
<tr>
<td>Tests passed/Failed/Skipped:</td><td>28/1/1</td>
</tr><tr>
<td>Started on:</td><td>Thu Oct 21 19:58:42 CDT 2021</td>
</tr>
<tr><td>Total time:</td><td>32 seconds (32552 ms)</td>
</tr><tr>
<td>Included groups:</td><td></td>
</tr><tr>
<td>Excluded groups:</td><td></td>
</tr>
</table><p/>
<small><i>(Hover the method name to see the test class name)</i></small><p/>
<table width='100%' border='1' class='invocation-failed'>
<tr><td colspan='4' align='center'><b>FAILED CONFIGURATIONS</b></td></tr>
<tr><td><b>Test method</b></td>
<td width="30%"><b>Exception</b></td>
<td width="10%"><b>Time (seconds)</b></td>
<td><b>Instance</b></td>
</tr>
<tr>
<td title='com.unosquare.amazon.pageFactory.test.SearchProductTest.exitWebDriver_Chrome()'><b>exitWebDriver_Chrome</b><br>Test class: com.unosquare.amazon.pageFactory.test.SearchProductTest</td>
<td><div><pre>java.lang.NullPointerException
	at com.unosquare.amazon.pageFactory.test.SearchProductTest.exitWebDriver_Chrome(SearchProductTest.java:80)
	at java.base/java.util.ArrayList.forEach(ArrayList.java:1541)
... Removed 34 stack frames</pre></div><a href='#' onClick='toggleBox("stack-trace1792711692", this, "Click to show all stack frames", "Click to hide stack frames")'>Click to show all stack frames</a>
<div class='stack-trace' id='stack-trace1792711692'><pre>java.lang.NullPointerException
	at com.unosquare.amazon.pageFactory.test.SearchProductTest.exitWebDriver_Chrome(SearchProductTest.java:80)
	at java.base/jdk.internal.reflect.NativeMethodAccessorImpl.invoke0(Native Method)
	at java.base/jdk.internal.reflect.NativeMethodAccessorImpl.invoke(NativeMethodAccessorImpl.java:62)
	at java.base/jdk.internal.reflect.DelegatingMethodAccessorImpl.invoke(DelegatingMethodAccessorImpl.java:43)
	at java.base/java.lang.reflect.Method.invoke(Method.java:566)
	at org.testng.internal.MethodInvocationHelper.invokeMethod(MethodInvocationHelper.java:133)
	at org.testng.internal.MethodInvocationHelper.invokeMethodConsideringTimeout(MethodInvocationHelper.java:62)
	at org.testng.internal.ConfigInvoker.invokeConfigurationMethod(ConfigInvoker.java:385)
	at org.testng.internal.ConfigInvoker.invokeConfigurations(ConfigInvoker.java:321)
	at org.testng.internal.TestMethodWorker.invokeAfterClassMethods(TestMethodWorker.java:217)
	at org.testng.internal.TestMethodWorker.run(TestMethodWorker.java:130)
	at java.base/java.util.ArrayList.forEach(ArrayList.java:1541)
	at org.testng.TestRunner.privateRun(TestRunner.java:794)
	at org.testng.TestRunner.run(TestRunner.java:596)
	at org.testng.SuiteRunner.runTest(SuiteRunner.java:377)
	at org.testng.SuiteRunner.runSequentially(SuiteRunner.java:371)
	at org.testng.SuiteRunner.privateRun(SuiteRunner.java:332)
	at org.testng.SuiteRunner.run(SuiteRunner.java:276)
	at org.testng.SuiteRunnerWorker.runSuite(SuiteRunnerWorker.java:53)
	at org.testng.SuiteRunnerWorker.run(SuiteRunnerWorker.java:96)
	at org.testng.TestNG.runSuitesSequentially(TestNG.java:1212)
	at org.testng.TestNG.runSuitesLocally(TestNG.java:1134)
	at org.testng.TestNG.runSuites(TestNG.java:1063)
	at org.testng.TestNG.run(TestNG.java:1031)
	at org.apache.maven.surefire.testng.TestNGExecutor.run(TestNGExecutor.java:178)
	at org.apache.maven.surefire.testng.TestNGXmlTestSuite.execute(TestNGXmlTestSuite.java:92)
	at org.apache.maven.surefire.testng.TestNGProvider.invoke(TestNGProvider.java:96)
	at java.base/jdk.internal.reflect.NativeMethodAccessorImpl.invoke0(Native Method)
	at java.base/jdk.internal.reflect.NativeMethodAccessorImpl.invoke(NativeMethodAccessorImpl.java:62)
	at java.base/jdk.internal.reflect.DelegatingMethodAccessorImpl.invoke(DelegatingMethodAccessorImpl.java:43)
	at java.base/java.lang.reflect.Method.invoke(Method.java:566)
	at org.apache.maven.surefire.util.ReflectionUtils.invokeMethodWithArray2(ReflectionUtils.java:208)
	at org.apache.maven.surefire.booter.ProviderFactory$ProviderProxy.invoke(ProviderFactory.java:159)
	at org.apache.maven.surefire.booter.ProviderFactory.invokeProvider(ProviderFactory.java:87)
	at org.apache.maven.surefire.booter.ForkedBooter.runSuitesInProcess(ForkedBooter.java:153)
	at org.apache.maven.surefire.booter.ForkedBooter.main(ForkedBooter.java:95)
</pre></div></td>
<td>0</td>
<td>com.unosquare.amazon.pageFactory.test.SearchProductTest@696da30b</td></tr>
</table><p>
<table width='100%' border='1' class='invocation-failed'>
<tr><td colspan='4' align='center'><b>FAILED TESTS</b></td></tr>
<tr><td><b>Test method</b></td>
<td width="30%"><b>Exception</b></td>
<td width="10%"><b>Time (seconds)</b></td>
<td><b>Instance</b></td>
</tr>
<tr>
<td title='com.unosquare.amazon.pageFactory.test.SearchProductTest.validate_priceOfItemSelected()'><b>validate_priceOfItemSelected</b><br>Test class: com.unosquare.amazon.pageFactory.test.SearchProductTest</td>
<td><div><pre>org.openqa.selenium.NoSuchWindowException: no such window: window was already closed
  (Session info: chrome=95.0.4638.54)
Build info: version: &apos;3.141.59&apos;, revision: &apos;e82be7d358&apos;, time: &apos;2018-11-14T08:17:03&apos;
System info: host: &apos;MX-IT04014.local&apos;, ip: &apos;2806:2f0:7080:634:99ad:8382:e4b2:5797%en0&apos;, os.name: &apos;Mac OS X&apos;, os.arch: &apos;x86_64&apos;, os.version: &apos;10.16&apos;, java.version: &apos;11.0.9.1&apos;
Driver info: org.openqa.selenium.chrome.ChromeDriver
Capabilities {acceptInsecureCerts: false, browserName: chrome, browserVersion: 95.0.4638.54, chrome: {chromedriverVersion: 94.0.4606.61 (418b78f5838ed..., userDataDir: /var/folders/d9/z9g2hfgs3lz...}, goog:chromeOptions: {debuggerAddress: localhost:65445}, javascriptEnabled: true, networkConnectionEnabled: false, pageLoadStrategy: normal, platform: MAC, platformName: MAC, proxy: Proxy(), setWindowRect: true, strictFileInteractability: false, timeouts: {implicit: 0, pageLoad: 300000, script: 30000}, unhandledPromptBehavior: dismiss and notify, webauthn:extension:credBlob: true, webauthn:extension:largeBlob: true, webauthn:virtualAuthenticators: true}
Session ID: c3a9a0a25c1d48eb4c263003fb8dc9d0
*** Element info: {Using=id, value=price_inside_buybox}
	at org.openqa.selenium.remote.http.W3CHttpResponseCodec.createException(W3CHttpResponseCodec.java:187)
	at org.openqa.selenium.remote.http.W3CHttpResponseCodec.decode(W3CHttpResponseCodec.java:122)
	at org.openqa.selenium.remote.http.W3CHttpResponseCodec.decode(W3CHttpResponseCodec.java:49)
	at org.openqa.selenium.remote.HttpCommandExecutor.execute(HttpCommandExecutor.java:158)
	at org.openqa.selenium.remote.service.DriverCommandExecutor.execute(DriverCommandExecutor.java:83)
	at org.openqa.selenium.remote.RemoteWebDriver.execute(RemoteWebDriver.java:552)
	at org.openqa.selenium.remote.RemoteWebDriver.findElement(RemoteWebDriver.java:323)
	at org.openqa.selenium.remote.RemoteWebDriver.findElementById(RemoteWebDriver.java:372)
	at org.openqa.selenium.By$ById.findElement(By.java:188)
	at org.openqa.selenium.remote.RemoteWebDriver.findElement(RemoteWebDriver.java:315)
	at org.openqa.selenium.support.pagefactory.DefaultElementLocator.findElement(DefaultElementLocator.java:69)
	at org.openqa.selenium.support.pagefactory.internal.LocatingElementHandler.invoke(LocatingElementHandler.java:38)
	at com.sun.proxy.$Proxy15.getText(Unknown Source)
	at com.unosquare.amazon.pageFactory.pages.ProductPage.getPriceProduct(ProductPage.java:19)
	at com.unosquare.amazon.pageFactory.test.SearchProductTest.validate_priceOfItemSelected(SearchProductTest.java:64)
	at java.base/java.util.ArrayList.forEach(ArrayList.java:1541)
... Removed 40 stack frames</pre></div><a href='#' onClick='toggleBox("stack-trace713464342", this, "Click to show all stack frames", "Click to hide stack frames")'>Click to show all stack frames</a>
<div class='stack-trace' id='stack-trace713464342'><pre>org.openqa.selenium.NoSuchWindowException: no such window: window was already closed
  (Session info: chrome=95.0.4638.54)
Build info: version: &apos;3.141.59&apos;, revision: &apos;e82be7d358&apos;, time: &apos;2018-11-14T08:17:03&apos;
System info: host: &apos;MX-IT04014.local&apos;, ip: &apos;2806:2f0:7080:634:99ad:8382:e4b2:5797%en0&apos;, os.name: &apos;Mac OS X&apos;, os.arch: &apos;x86_64&apos;, os.version: &apos;10.16&apos;, java.version: &apos;11.0.9.1&apos;
Driver info: org.openqa.selenium.chrome.ChromeDriver
Capabilities {acceptInsecureCerts: false, browserName: chrome, browserVersion: 95.0.4638.54, chrome: {chromedriverVersion: 94.0.4606.61 (418b78f5838ed..., userDataDir: /var/folders/d9/z9g2hfgs3lz...}, goog:chromeOptions: {debuggerAddress: localhost:65445}, javascriptEnabled: true, networkConnectionEnabled: false, pageLoadStrategy: normal, platform: MAC, platformName: MAC, proxy: Proxy(), setWindowRect: true, strictFileInteractability: false, timeouts: {implicit: 0, pageLoad: 300000, script: 30000}, unhandledPromptBehavior: dismiss and notify, webauthn:extension:credBlob: true, webauthn:extension:largeBlob: true, webauthn:virtualAuthenticators: true}
Session ID: c3a9a0a25c1d48eb4c263003fb8dc9d0
*** Element info: {Using=id, value=price_inside_buybox}
	at java.base/jdk.internal.reflect.NativeConstructorAccessorImpl.newInstance0(Native Method)
	at java.base/jdk.internal.reflect.NativeConstructorAccessorImpl.newInstance(NativeConstructorAccessorImpl.java:62)
	at java.base/jdk.internal.reflect.DelegatingConstructorAccessorImpl.newInstance(DelegatingConstructorAccessorImpl.java:45)
	at java.base/java.lang.reflect.Constructor.newInstance(Constructor.java:490)
	at org.openqa.selenium.remote.http.W3CHttpResponseCodec.createException(W3CHttpResponseCodec.java:187)
	at org.openqa.selenium.remote.http.W3CHttpResponseCodec.decode(W3CHttpResponseCodec.java:122)
	at org.openqa.selenium.remote.http.W3CHttpResponseCodec.decode(W3CHttpResponseCodec.java:49)
	at org.openqa.selenium.remote.HttpCommandExecutor.execute(HttpCommandExecutor.java:158)
	at org.openqa.selenium.remote.service.DriverCommandExecutor.execute(DriverCommandExecutor.java:83)
	at org.openqa.selenium.remote.RemoteWebDriver.execute(RemoteWebDriver.java:552)
	at org.openqa.selenium.remote.RemoteWebDriver.findElement(RemoteWebDriver.java:323)
	at org.openqa.selenium.remote.RemoteWebDriver.findElementById(RemoteWebDriver.java:372)
	at org.openqa.selenium.By$ById.findElement(By.java:188)
	at org.openqa.selenium.remote.RemoteWebDriver.findElement(RemoteWebDriver.java:315)
	at org.openqa.selenium.support.pagefactory.DefaultElementLocator.findElement(DefaultElementLocator.java:69)
	at org.openqa.selenium.support.pagefactory.internal.LocatingElementHandler.invoke(LocatingElementHandler.java:38)
	at com.sun.proxy.$Proxy15.getText(Unknown Source)
	at com.unosquare.amazon.pageFactory.pages.ProductPage.getPriceProduct(ProductPage.java:19)
	at com.unosquare.amazon.pageFactory.test.SearchProductTest.validate_priceOfItemSelected(SearchProductTest.java:64)
	at java.base/jdk.internal.reflect.NativeMethodAccessorImpl.invoke0(Native Method)
	at java.base/jdk.internal.reflect.NativeMethodAccessorImpl.invoke(NativeMethodAccessorImpl.java:62)
	at java.base/jdk.internal.reflect.DelegatingMethodAccessorImpl.invoke(DelegatingMethodAccessorImpl.java:43)
	at java.base/java.lang.reflect.Method.invoke(Method.java:566)
	at org.testng.internal.MethodInvocationHelper.invokeMethod(MethodInvocationHelper.java:133)
	at org.testng.internal.TestInvoker.invokeMethod(TestInvoker.java:598)
	at org.testng.internal.TestInvoker.invokeTestMethod(TestInvoker.java:173)
	at org.testng.internal.MethodRunner.runInSequence(MethodRunner.java:46)
	at org.testng.internal.TestInvoker$MethodInvocationAgent.invoke(TestInvoker.java:824)
	at org.testng.internal.TestInvoker.invokeTestMethods(TestInvoker.java:146)
	at org.testng.internal.TestMethodWorker.invokeTestMethods(TestMethodWorker.java:146)
	at org.testng.internal.TestMethodWorker.run(TestMethodWorker.java:128)
	at java.base/java.util.ArrayList.forEach(ArrayList.java:1541)
	at org.testng.TestRunner.privateRun(TestRunner.java:794)
	at org.testng.TestRunner.run(TestRunner.java:596)
	at org.testng.SuiteRunner.runTest(SuiteRunner.java:377)
	at org.testng.SuiteRunner.runSequentially(SuiteRunner.java:371)
	at org.testng.SuiteRunner.privateRun(SuiteRunner.java:332)
	at org.testng.SuiteRunner.run(SuiteRunner.java:276)
	at org.testng.SuiteRunnerWorker.runSuite(SuiteRunnerWorker.java:53)
	at org.testng.SuiteRunnerWorker.run(SuiteRunnerWorker.java:96)
	at org.testng.TestNG.runSuitesSequentially(TestNG.java:1212)
	at org.testng.TestNG.runSuitesLocally(TestNG.java:1134)
	at org.testng.TestNG.runSuites(TestNG.java:1063)
	at org.testng.TestNG.run(TestNG.java:1031)
	at org.apache.maven.surefire.testng.TestNGExecutor.run(TestNGExecutor.java:178)
	at org.apache.maven.surefire.testng.TestNGXmlTestSuite.execute(TestNGXmlTestSuite.java:92)
	at org.apache.maven.surefire.testng.TestNGProvider.invoke(TestNGProvider.java:96)
	at java.base/jdk.internal.reflect.NativeMethodAccessorImpl.invoke0(Native Method)
	at java.base/jdk.internal.reflect.NativeMethodAccessorImpl.invoke(NativeMethodAccessorImpl.java:62)
	at java.base/jdk.internal.reflect.DelegatingMethodAccessorImpl.invoke(DelegatingMethodAccessorImpl.java:43)
	at java.base/java.lang.reflect.Method.invoke(Method.java:566)
	at org.apache.maven.surefire.util.ReflectionUtils.invokeMethodWithArray2(ReflectionUtils.java:208)
	at org.apache.maven.surefire.booter.ProviderFactory$ProviderProxy.invoke(ProviderFactory.java:159)
	at org.apache.maven.surefire.booter.ProviderFactory.invokeProvider(ProviderFactory.java:87)
	at org.apache.maven.surefire.booter.ForkedBooter.runSuitesInProcess(ForkedBooter.java:153)
	at org.apache.maven.surefire.booter.ForkedBooter.main(ForkedBooter.java:95)
</pre></div></td>
<td>1</td>
<td>com.unosquare.amazon.pageFactory.test.SearchProductTest@696da30b</td></tr>
</table><p>
<table width='100%' border='1' class='invocation-passed'>
<tr><td colspan='4' align='center'><b>PASSED TESTS</b></td></tr>
<tr><td><b>Test method</b></td>
<td width="30%"><b>Exception</b></td>
<td width="10%"><b>Time (seconds)</b></td>
<td><b>Instance</b></td>
</tr>
<tr>
<td title='com.unosquare.amazon.pom.test.SignInTest.fillFormNewCustomer()'><b>fillFormNewCustomer</b><br>Test class: com.unosquare.amazon.pom.test.SignInTest<br>Parameters: Tatyana, Fitzpatrick</td>
<td></td>
<td>0</td>
<td>com.unosquare.amazon.pom.test.SignInTest@31e75d13</td></tr>
<tr>
<td title='com.unosquare.amazon.pom.test.SignInTest.fillFormNewCustomer()'><b>fillFormNewCustomer</b><br>Test class: com.unosquare.amazon.pom.test.SignInTest<br>Parameters: Michael, Silva</td>
<td></td>
<td>0</td>
<td>com.unosquare.amazon.pom.test.SignInTest@31e75d13</td></tr>
<tr>
<td title='com.unosquare.amazon.pom.test.SignInTest.fillFormNewCustomer()'><b>fillFormNewCustomer</b><br>Test class: com.unosquare.amazon.pom.test.SignInTest<br>Parameters: Paul, Byrd</td>
<td></td>
<td>0</td>
<td>com.unosquare.amazon.pom.test.SignInTest@31e75d13</td></tr>
<tr>
<td title='com.unosquare.amazon.pom.test.SignInTest.fillFormNewCustomer()'><b>fillFormNewCustomer</b><br>Test class: com.unosquare.amazon.pom.test.SignInTest<br>Parameters: Tiger, Nixon</td>
<td></td>
<td>0</td>
<td>com.unosquare.amazon.pom.test.SignInTest@31e75d13</td></tr>
<tr>
<td title='com.unosquare.amazon.pom.test.SignInTest.fillFormNewCustomer()'><b>fillFormNewCustomer</b><br>Test class: com.unosquare.amazon.pom.test.SignInTest<br>Parameters: Jena, Gaines</td>
<td></td>
<td>0</td>
<td>com.unosquare.amazon.pom.test.SignInTest@31e75d13</td></tr>
<tr>
<td title='com.unosquare.amazon.pom.test.SignInTest.fillFormNewCustomer()'><b>fillFormNewCustomer</b><br>Test class: com.unosquare.amazon.pom.test.SignInTest<br>Parameters: Gloria, Little</td>
<td></td>
<td>0</td>
<td>com.unosquare.amazon.pom.test.SignInTest@31e75d13</td></tr>
<tr>
<td title='com.unosquare.amazon.pom.test.SignInTest.fillFormNewCustomer()'><b>fillFormNewCustomer</b><br>Test class: com.unosquare.amazon.pom.test.SignInTest<br>Parameters: Sonya, Frost</td>
<td></td>
<td>0</td>
<td>com.unosquare.amazon.pom.test.SignInTest@31e75d13</td></tr>
<tr>
<td title='com.unosquare.amazon.pom.test.SignInTest.fillFormNewCustomer()'><b>fillFormNewCustomer</b><br>Test class: com.unosquare.amazon.pom.test.SignInTest<br>Parameters: Rhona, Davidson</td>
<td></td>
<td>0</td>
<td>com.unosquare.amazon.pom.test.SignInTest@31e75d13</td></tr>
<tr>
<td title='com.unosquare.amazon.pom.test.SignInTest.fillFormNewCustomer()'><b>fillFormNewCustomer</b><br>Test class: com.unosquare.amazon.pom.test.SignInTest<br>Parameters: Brielle, Williamson</td>
<td></td>
<td>0</td>
<td>com.unosquare.amazon.pom.test.SignInTest@31e75d13</td></tr>
<tr>
<td title='com.unosquare.amazon.pom.test.SignInTest.fillFormNewCustomer()'><b>fillFormNewCustomer</b><br>Test class: com.unosquare.amazon.pom.test.SignInTest<br>Parameters: Bradley, Greer</td>
<td></td>
<td>0</td>
<td>com.unosquare.amazon.pom.test.SignInTest@31e75d13</td></tr>
<tr>
<td title='com.unosquare.amazon.pom.test.SignInTest.fillFormNewCustomer()'><b>fillFormNewCustomer</b><br>Test class: com.unosquare.amazon.pom.test.SignInTest<br>Parameters: Herrod, Chandler</td>
<td></td>
<td>0</td>
<td>com.unosquare.amazon.pom.test.SignInTest@31e75d13</td></tr>
<tr>
<td title='com.unosquare.amazon.pom.test.SignInTest.fillFormNewCustomer()'><b>fillFormNewCustomer</b><br>Test class: com.unosquare.amazon.pom.test.SignInTest<br>Parameters: Colleen, Hurst</td>
<td></td>
<td>0</td>
<td>com.unosquare.amazon.pom.test.SignInTest@31e75d13</td></tr>
<tr>
<td title='com.unosquare.amazon.pom.test.SignInTest.fillFormNewCustomer()'><b>fillFormNewCustomer</b><br>Test class: com.unosquare.amazon.pom.test.SignInTest<br>Parameters: Jenette, Caldwell</td>
<td></td>
<td>0</td>
<td>com.unosquare.amazon.pom.test.SignInTest@31e75d13</td></tr>
<tr>
<td title='com.unosquare.amazon.pom.test.SignInTest.fillFormNewCustomer()'><b>fillFormNewCustomer</b><br>Test class: com.unosquare.amazon.pom.test.SignInTest<br>Parameters: Dai, Rios</td>
<td></td>
<td>0</td>
<td>com.unosquare.amazon.pom.test.SignInTest@31e75d13</td></tr>
<tr>
<td title='com.unosquare.amazon.pom.test.SignInTest.signInCustomer()'><b>signInCustomer</b><br>Test class: com.unosquare.amazon.pom.test.SignInTest</td>
<td></td>
<td>1</td>
<td>com.unosquare.amazon.pom.test.SignInTest@31e75d13</td></tr>
<tr>
<td title='com.unosquare.amazon.pom.test.SignInTest.fillFormNewCustomer()'><b>fillFormNewCustomer</b><br>Test class: com.unosquare.amazon.pom.test.SignInTest<br>Parameters: Airi, Satou</td>
<td></td>
<td>0</td>
<td>com.unosquare.amazon.pom.test.SignInTest@31e75d13</td></tr>
<tr>
<td title='com.unosquare.amazon.pom.test.SignInTest.fillFormNewCustomer()'><b>fillFormNewCustomer</b><br>Test class: com.unosquare.amazon.pom.test.SignInTest<br>Parameters: Haley, Kennedy</td>
<td></td>
<td>0</td>
<td>com.unosquare.amazon.pom.test.SignInTest@31e75d13</td></tr>
<tr>
<td title='com.unosquare.amazon.pom.test.SignInTest.fillFormNewCustomer()'><b>fillFormNewCustomer</b><br>Test class: com.unosquare.amazon.pom.test.SignInTest<br>Parameters: Caesar, Vance</td>
<td></td>
<td>0</td>
<td>com.unosquare.amazon.pom.test.SignInTest@31e75d13</td></tr>
<tr>
<td title='com.unosquare.amazon.pom.test.SignInTest.fillFormNewCustomer()'><b>fillFormNewCustomer</b><br>Test class: com.unosquare.amazon.pom.test.SignInTest<br>Parameters: Charde, Marshall</td>
<td></td>
<td>0</td>
<td>com.unosquare.amazon.pom.test.SignInTest@31e75d13</td></tr>
<tr>
<td title='com.unosquare.amazon.pom.test.SignInTest.testValidateGetAllEmployees()'><b>testValidateGetAllEmployees</b><br>Test class: com.unosquare.amazon.pom.test.SignInTest</td>
<td></td>
<td>1</td>
<td>com.unosquare.amazon.pom.test.SignInTest@31e75d13</td></tr>
<tr>
<td title='com.unosquare.amazon.pageFactory.test.SearchProductTest.validate_searchResults()'><b>validate_searchResults</b><br>Test class: com.unosquare.amazon.pageFactory.test.SearchProductTest</td>
<td></td>
<td>3</td>
<td>com.unosquare.amazon.pageFactory.test.SearchProductTest@696da30b</td></tr>
<tr>
<td title='com.unosquare.amazon.pom.test.SignInTest.fillFormNewCustomer()'><b>fillFormNewCustomer</b><br>Test class: com.unosquare.amazon.pom.test.SignInTest<br>Parameters: Cedric, Kelly</td>
<td></td>
<td>0</td>
<td>com.unosquare.amazon.pom.test.SignInTest@31e75d13</td></tr>
<tr>
<td title='com.unosquare.amazon.pom.test.SignInTest.fillFormNewCustomer()'><b>fillFormNewCustomer</b><br>Test class: com.unosquare.amazon.pom.test.SignInTest<br>Parameters: Quinn, Flynn</td>
<td></td>
<td>0</td>
<td>com.unosquare.amazon.pom.test.SignInTest@31e75d13</td></tr>
<tr>
<td title='com.unosquare.amazon.pom.test.SignInTest.fillFormNewCustomer()'><b>fillFormNewCustomer</b><br>Test class: com.unosquare.amazon.pom.test.SignInTest<br>Parameters: Doris, Wilder</td>
<td></td>
<td>0</td>
<td>com.unosquare.amazon.pom.test.SignInTest@31e75d13</td></tr>
<tr>
<td title='com.unosquare.amazon.pom.test.SignInTest.openConditionsPage()'><b>openConditionsPage</b><br>Test class: com.unosquare.amazon.pom.test.SignInTest</td>
<td></td>
<td>4</td>
<td>com.unosquare.amazon.pom.test.SignInTest@31e75d13</td></tr>
<tr>
<td title='com.unosquare.amazon.pom.test.SignInTest.fillFormNewCustomer()'><b>fillFormNewCustomer</b><br>Test class: com.unosquare.amazon.pom.test.SignInTest<br>Parameters: Garrett, Winters</td>
<td></td>
<td>0</td>
<td>com.unosquare.amazon.pom.test.SignInTest@31e75d13</td></tr>
<tr>
<td title='com.unosquare.amazon.pom.test.SignInTest.fillFormNewCustomer()'><b>fillFormNewCustomer</b><br>Test class: com.unosquare.amazon.pom.test.SignInTest<br>Parameters: Yuri, Berry</td>
<td></td>
<td>0</td>
<td>com.unosquare.amazon.pom.test.SignInTest@31e75d13</td></tr>
<tr>
<td title='com.unosquare.amazon.pom.test.SignInTest.fillFormNewCustomer()'><b>fillFormNewCustomer</b><br>Test class: com.unosquare.amazon.pom.test.SignInTest<br>Parameters: Ashton, Cox</td>
<td></td>
<td>0</td>
<td>com.unosquare.amazon.pom.test.SignInTest@31e75d13</td></tr>
</table><p>
<table width='100%' border='1' class='invocation-skipped'>
<tr><td colspan='4' align='center'><b>SKIPPED TESTS</b></td></tr>
<tr><td><b>Test method</b></td>
<td width="30%"><b>Exception</b></td>
<td width="10%"><b>Time (seconds)</b></td>
<td><b>Instance</b></td>
</tr>
<tr>
<td title='com.unosquare.amazon.pageFactory.test.SearchProductTest.validate_priceOfItemOnCart()'><b>validate_priceOfItemOnCart</b><br>Test class: com.unosquare.amazon.pageFactory.test.SearchProductTest</td>
<td><div><pre>java.lang.Throwable: Method SearchProductTest.validate_priceOfItemOnCart()[pri:0, instance:com.unosquare.amazon.pageFactory.test.SearchProductTest@696da30b] depends on not successfully finished methods
	at java.base/java.util.ArrayList.forEach(ArrayList.java:1541)
... Removed 27 stack frames</pre></div><a href='#' onClick='toggleBox("stack-trace182584006", this, "Click to show all stack frames", "Click to hide stack frames")'>Click to show all stack frames</a>
<div class='stack-trace' id='stack-trace182584006'><pre>java.lang.Throwable: Method SearchProductTest.validate_priceOfItemOnCart()[pri:0, instance:com.unosquare.amazon.pageFactory.test.SearchProductTest@696da30b] depends on not successfully finished methods
	at org.testng.internal.TestInvoker.invokeTestMethods(TestInvoker.java:102)
	at org.testng.internal.TestMethodWorker.invokeTestMethods(TestMethodWorker.java:146)
	at org.testng.internal.TestMethodWorker.run(TestMethodWorker.java:128)
	at java.base/java.util.ArrayList.forEach(ArrayList.java:1541)
	at org.testng.TestRunner.privateRun(TestRunner.java:794)
	at org.testng.TestRunner.run(TestRunner.java:596)
	at org.testng.SuiteRunner.runTest(SuiteRunner.java:377)
	at org.testng.SuiteRunner.runSequentially(SuiteRunner.java:371)
	at org.testng.SuiteRunner.privateRun(SuiteRunner.java:332)
	at org.testng.SuiteRunner.run(SuiteRunner.java:276)
	at org.testng.SuiteRunnerWorker.runSuite(SuiteRunnerWorker.java:53)
	at org.testng.SuiteRunnerWorker.run(SuiteRunnerWorker.java:96)
	at org.testng.TestNG.runSuitesSequentially(TestNG.java:1212)
	at org.testng.TestNG.runSuitesLocally(TestNG.java:1134)
	at org.testng.TestNG.runSuites(TestNG.java:1063)
	at org.testng.TestNG.run(TestNG.java:1031)
	at org.apache.maven.surefire.testng.TestNGExecutor.run(TestNGExecutor.java:178)
	at org.apache.maven.surefire.testng.TestNGXmlTestSuite.execute(TestNGXmlTestSuite.java:92)
	at org.apache.maven.surefire.testng.TestNGProvider.invoke(TestNGProvider.java:96)
	at java.base/jdk.internal.reflect.NativeMethodAccessorImpl.invoke0(Native Method)
	at java.base/jdk.internal.reflect.NativeMethodAccessorImpl.invoke(NativeMethodAccessorImpl.java:62)
	at java.base/jdk.internal.reflect.DelegatingMethodAccessorImpl.invoke(DelegatingMethodAccessorImpl.java:43)
	at java.base/java.lang.reflect.Method.invoke(Method.java:566)
	at org.apache.maven.surefire.util.ReflectionUtils.invokeMethodWithArray2(ReflectionUtils.java:208)
	at org.apache.maven.surefire.booter.ProviderFactory$ProviderProxy.invoke(ProviderFactory.java:159)
	at org.apache.maven.surefire.booter.ProviderFactory.invokeProvider(ProviderFactory.java:87)
	at org.apache.maven.surefire.booter.ForkedBooter.runSuitesInProcess(ForkedBooter.java:153)
	at org.apache.maven.surefire.booter.ForkedBooter.main(ForkedBooter.java:95)
</pre></div></td>
<td>0</td>
<td>com.unosquare.amazon.pageFactory.test.SearchProductTest@696da30b</td></tr>
</table><p>
</body>
</html>